{
  "stats": {
    "suites": 3,
    "tests": 15,
    "passes": 14,
    "pending": 0,
    "failures": 1,
    "start": "2022-11-03T07:23:08.609Z",
    "end": "2022-11-03T07:25:53.069Z",
    "duration": 89459,
    "testsRegistered": 15,
    "passPercent": 93.33333333333333,
    "pendingPercent": 0,
    "other": 0,
    "hasOther": false,
    "skipped": 0,
    "hasSkipped": false
  },
  "results": [
    {
      "uuid": "68fc2710-5628-4bfc-adb2-6bbeb76365e2",
      "title": "",
      "fullFile": "cypress\\e2e\\problemUser.cy.js",
      "file": "cypress\\e2e\\problemUser.cy.js",
      "beforeHooks": [],
      "afterHooks": [],
      "tests": [],
      "suites": [
        {
          "uuid": "b47da0e8-8bf0-4502-b817-a504077daeea",
          "title": "Problem user actions",
          "fullFile": "",
          "file": "",
          "beforeHooks": [],
          "afterHooks": [],
          "tests": [
            {
              "title": "Login",
              "fullTitle": "Problem user actions Login",
              "timedOut": null,
              "duration": 2197,
              "state": "passed",
              "speed": "fast",
              "pass": true,
              "fail": false,
              "pending": false,
              "context": null,
              "code": "userPage.getUserPageHeading().contains('Products');",
              "err": {},
              "uuid": "9008ddec-6675-4eae-a9a0-dacc4b4aff68",
              "parentUUID": "b47da0e8-8bf0-4502-b817-a504077daeea",
              "isHook": false,
              "skipped": false
            },
            {
              "title": "Add backpack to cart",
              "fullTitle": "Problem user actions Add backpack to cart",
              "timedOut": null,
              "duration": 2090,
              "state": "passed",
              "speed": "fast",
              "pass": true,
              "fail": false,
              "pending": false,
              "context": null,
              "code": "userPage.addBagToCart();\nuserPage.navigateToCart();\ncartPage.getProductName().contains(\"Backpack\");",
              "err": {},
              "uuid": "28fba719-0652-4526-9d40-7229475659f5",
              "parentUUID": "b47da0e8-8bf0-4502-b817-a504077daeea",
              "isHook": false,
              "skipped": false
            },
            {
              "title": "Cart Total",
              "fullTitle": "Problem user actions Cart Total",
              "timedOut": null,
              "duration": 1596,
              "state": "passed",
              "speed": "fast",
              "pass": true,
              "fail": false,
              "pending": false,
              "context": null,
              "code": "userPage.addBagToCart();\nuserPage.addTShirtToCart();\nlet tshirtPrice = userPage.tshirtPrice();\nlet bagPrice = userPage.bagPrice();\nlet tax = 3.68;\nuserPage.navigateToCart();\ncartPage.clickCheckout();\ncheckoutPage.setFirstname(\"test\");\ncheckoutPage.setLastname(\"Case\");\ncheckoutPage.setZipCode(\"789456\");\ncheckoutPage.clickContinue();\nlet checkoutTotal = checkoutPage2.getTotalAmount();\nlet sum;\ntshirtPrice.then(ts => {\n  bagPrice.then(bp => {\n    sum = parseFloat(ts.substr(1)) + parseFloat(bp.substr(1)) + tax;\n    checkoutTotal.then(check => {\n      assert.equal(check, sum, \"Successfully Passed\");\n    });\n  });\n});",
              "err": {},
              "uuid": "a75ca1b3-681e-4e08-a22a-a6aa889fc51b",
              "parentUUID": "b47da0e8-8bf0-4502-b817-a504077daeea",
              "isHook": false,
              "skipped": false
            },
            {
              "title": "Checkout Flow",
              "fullTitle": "Problem user actions Checkout Flow",
              "timedOut": null,
              "duration": 24674,
              "state": "failed",
              "speed": null,
              "pass": false,
              "fail": true,
              "pending": false,
              "context": null,
              "code": "userPage.addBagToCart();\nuserPage.navigateToCart();\ncartPage.clickCheckout();\ncheckoutPage.setFirstname(\"test\");\ncheckoutPage.setLastname(\"Case\");\ncheckoutPage.setZipCode(\"789456\");\ncheckoutPage.clickContinue();\ncheckoutPage2.finalizePurchase();\ncheckoutComplete.thanksText().contains(\"THANK YOU\");",
              "err": {
                "message": "AssertionError: Timed out retrying after 20000ms: Expected to find element: `#finish`, but never found it.",
                "estack": "AssertionError: Timed out retrying after 20000ms: Expected to find element: `#finish`, but never found it.\n    at CheckoutPage2.finalizePurchase (webpack:///./cypress/e2e/pages/CheckoutPage2.js:4:11)\n    at Context.eval (webpack:///./cypress/e2e/problemUser.cy.js:69:22)",
                "diff": null
              },
              "uuid": "5d15d1da-e7a8-4b0c-84fd-f28059c6e079",
              "parentUUID": "b47da0e8-8bf0-4502-b817-a504077daeea",
              "isHook": false,
              "skipped": false
            },
            {
              "title": "Logout Flow",
              "fullTitle": "Problem user actions Logout Flow",
              "timedOut": null,
              "duration": 2621,
              "state": "passed",
              "speed": "fast",
              "pass": true,
              "fail": false,
              "pending": false,
              "context": null,
              "code": "userPage.burgerMenuClick();\nuserPage.logoutClick();\nlogin.getLoginButton().should(\"be.visible\");",
              "err": {},
              "uuid": "8d9270f6-b729-4cc0-8e3e-7daa4f7a9dc2",
              "parentUUID": "b47da0e8-8bf0-4502-b817-a504077daeea",
              "isHook": false,
              "skipped": false
            }
          ],
          "suites": [],
          "passes": [
            "9008ddec-6675-4eae-a9a0-dacc4b4aff68",
            "28fba719-0652-4526-9d40-7229475659f5",
            "a75ca1b3-681e-4e08-a22a-a6aa889fc51b",
            "8d9270f6-b729-4cc0-8e3e-7daa4f7a9dc2"
          ],
          "failures": [
            "5d15d1da-e7a8-4b0c-84fd-f28059c6e079"
          ],
          "pending": [],
          "skipped": [],
          "duration": 33178,
          "root": false,
          "rootEmpty": false,
          "_timeout": 2000
        }
      ],
      "passes": [],
      "failures": [],
      "pending": [],
      "skipped": [],
      "duration": 0,
      "root": true,
      "rootEmpty": true,
      "_timeout": 2000
    },
    {
      "uuid": "644c7c89-55f2-4b4d-85b2-7b97414dadad",
      "title": "",
      "fullFile": "cypress\\e2e\\standardUser.cy.js",
      "file": "cypress\\e2e\\standardUser.cy.js",
      "beforeHooks": [],
      "afterHooks": [],
      "tests": [],
      "suites": [
        {
          "uuid": "a5009cc5-e1ce-42a5-8ca1-709fb44a39a7",
          "title": "Standard user actions",
          "fullFile": "",
          "file": "",
          "beforeHooks": [],
          "afterHooks": [],
          "tests": [
            {
              "title": "Login",
              "fullTitle": "Standard user actions Login",
              "timedOut": null,
              "duration": 2363,
              "state": "passed",
              "speed": "fast",
              "pass": true,
              "fail": false,
              "pending": false,
              "context": null,
              "code": "userPage.getUserPageHeading().contains('Products');",
              "err": {},
              "uuid": "23841cb5-2d6d-45aa-b097-f247e9c9976a",
              "parentUUID": "a5009cc5-e1ce-42a5-8ca1-709fb44a39a7",
              "isHook": false,
              "skipped": false
            },
            {
              "title": "Add backpack to cart",
              "fullTitle": "Standard user actions Add backpack to cart",
              "timedOut": null,
              "duration": 2240,
              "state": "passed",
              "speed": "fast",
              "pass": true,
              "fail": false,
              "pending": false,
              "context": null,
              "code": "userPage.addBagToCart();\nuserPage.navigateToCart();\ncartPage.getProductName().contains(\"Backpack\");",
              "err": {},
              "uuid": "14737753-8e67-4c1b-80cc-69d6ea3abbe2",
              "parentUUID": "a5009cc5-e1ce-42a5-8ca1-709fb44a39a7",
              "isHook": false,
              "skipped": false
            },
            {
              "title": "Cart Total",
              "fullTitle": "Standard user actions Cart Total",
              "timedOut": null,
              "duration": 1794,
              "state": "passed",
              "speed": "fast",
              "pass": true,
              "fail": false,
              "pending": false,
              "context": null,
              "code": "userPage.addBagToCart();\nuserPage.addTShirtToCart();\nlet tshirtPrice = userPage.tshirtPrice();\nlet bagPrice = userPage.bagPrice();\nlet tax = 3.68;\nuserPage.navigateToCart();\ncartPage.clickCheckout();\ncheckoutPage.setFirstname(\"test\");\ncheckoutPage.setLastname(\"Case\");\ncheckoutPage.setZipCode(\"789456\");\ncheckoutPage.clickContinue();\nlet checkoutTotal = checkoutPage2.getTotalAmount();\nlet sum;\ntshirtPrice.then(ts => {\n  bagPrice.then(bp => {\n    sum = parseFloat(ts.substr(1)) + parseFloat(bp.substr(1)) + tax;\n    checkoutTotal.then(check => {\n      assert.equal(check, sum, \"Successfully Passed\");\n    });\n  });\n});",
              "err": {},
              "uuid": "893428e5-b97e-426d-9cd8-8ebae6e14fc8",
              "parentUUID": "a5009cc5-e1ce-42a5-8ca1-709fb44a39a7",
              "isHook": false,
              "skipped": false
            },
            {
              "title": "Checkout Flow",
              "fullTitle": "Standard user actions Checkout Flow",
              "timedOut": null,
              "duration": 4605,
              "state": "passed",
              "speed": "fast",
              "pass": true,
              "fail": false,
              "pending": false,
              "context": null,
              "code": "userPage.addBagToCart();\nuserPage.navigateToCart();\ncartPage.clickCheckout();\ncheckoutPage.setFirstname(\"test\");\ncheckoutPage.setLastname(\"Case\");\ncheckoutPage.setZipCode(\"789456\");\ncheckoutPage.clickContinue();\ncheckoutPage2.finalizePurchase();\ncheckoutComplete.thanksText().contains(\"THANK YOU\");",
              "err": {},
              "uuid": "0abe7208-6045-43cc-985e-0b4776b89a41",
              "parentUUID": "a5009cc5-e1ce-42a5-8ca1-709fb44a39a7",
              "isHook": false,
              "skipped": false
            },
            {
              "title": "Logout Flow",
              "fullTitle": "Standard user actions Logout Flow",
              "timedOut": null,
              "duration": 2525,
              "state": "passed",
              "speed": "fast",
              "pass": true,
              "fail": false,
              "pending": false,
              "context": null,
              "code": "userPage.burgerMenuClick();\nuserPage.logoutClick();\nlogin.getLoginButton().should(\"be.visible\");",
              "err": {},
              "uuid": "12405891-2088-4a5e-8826-15a4fe0e0d78",
              "parentUUID": "a5009cc5-e1ce-42a5-8ca1-709fb44a39a7",
              "isHook": false,
              "skipped": false
            }
          ],
          "suites": [],
          "passes": [
            "23841cb5-2d6d-45aa-b097-f247e9c9976a",
            "14737753-8e67-4c1b-80cc-69d6ea3abbe2",
            "893428e5-b97e-426d-9cd8-8ebae6e14fc8",
            "0abe7208-6045-43cc-985e-0b4776b89a41",
            "12405891-2088-4a5e-8826-15a4fe0e0d78"
          ],
          "failures": [],
          "pending": [],
          "skipped": [],
          "duration": 13527,
          "root": false,
          "rootEmpty": false,
          "_timeout": 2000
        }
      ],
      "passes": [],
      "failures": [],
      "pending": [],
      "skipped": [],
      "duration": 0,
      "root": true,
      "rootEmpty": true,
      "_timeout": 2000
    },
    {
      "uuid": "7e5792dc-77f0-4609-9fa4-b7ab22066db0",
      "title": "",
      "fullFile": "cypress\\e2e\\performanceGlitchUser.cy.js",
      "file": "cypress\\e2e\\performanceGlitchUser.cy.js",
      "beforeHooks": [],
      "afterHooks": [],
      "tests": [],
      "suites": [
        {
          "uuid": "e4c1f990-93d7-4b63-886a-a2f5d32a1e9b",
          "title": "Performance Glitch User actions",
          "fullFile": "",
          "file": "",
          "beforeHooks": [],
          "afterHooks": [],
          "tests": [
            {
              "title": "Login",
              "fullTitle": "Performance Glitch User actions Login",
              "timedOut": null,
              "duration": 8772,
              "state": "passed",
              "speed": "medium",
              "pass": true,
              "fail": false,
              "pending": false,
              "context": null,
              "code": "userPage.getUserPageHeading().contains('Products');",
              "err": {},
              "uuid": "c9fcf671-3235-46e0-bc56-1a0102b686c4",
              "parentUUID": "e4c1f990-93d7-4b63-886a-a2f5d32a1e9b",
              "isHook": false,
              "skipped": false
            },
            {
              "title": "Add backpack to cart",
              "fullTitle": "Performance Glitch User actions Add backpack to cart",
              "timedOut": null,
              "duration": 8471,
              "state": "passed",
              "speed": "medium",
              "pass": true,
              "fail": false,
              "pending": false,
              "context": null,
              "code": "userPage.addBagToCart();\nuserPage.navigateToCart();\ncartPage.getProductName().contains(\"Backpack\");",
              "err": {},
              "uuid": "32943782-9d49-4973-bdec-e8190196adf5",
              "parentUUID": "e4c1f990-93d7-4b63-886a-a2f5d32a1e9b",
              "isHook": false,
              "skipped": false
            },
            {
              "title": "Cart Total",
              "fullTitle": "Performance Glitch User actions Cart Total",
              "timedOut": null,
              "duration": 6793,
              "state": "passed",
              "speed": "medium",
              "pass": true,
              "fail": false,
              "pending": false,
              "context": null,
              "code": "userPage.addBagToCart();\nuserPage.addTShirtToCart();\nlet tshirtPrice = userPage.tshirtPrice();\nlet bagPrice = userPage.bagPrice();\nlet tax = 3.68;\nuserPage.navigateToCart();\ncartPage.clickCheckout();\ncheckoutPage.setFirstname(\"test\");\ncheckoutPage.setLastname(\"Case\");\ncheckoutPage.setZipCode(\"789456\");\ncheckoutPage.clickContinue();\nlet checkoutTotal = checkoutPage2.getTotalAmount();\nlet sum;\ntshirtPrice.then(ts => {\n  bagPrice.then(bp => {\n    sum = parseFloat(ts.substr(1)) + parseFloat(bp.substr(1)) + tax;\n    checkoutTotal.then(check => {\n      assert.equal(check, sum, \"Successfully Passed\");\n    });\n  });\n});",
              "err": {},
              "uuid": "95a33348-4d42-4f76-8506-9e2561ef6519",
              "parentUUID": "e4c1f990-93d7-4b63-886a-a2f5d32a1e9b",
              "isHook": false,
              "skipped": false
            },
            {
              "title": "Checkout Flow",
              "fullTitle": "Performance Glitch User actions Checkout Flow",
              "timedOut": null,
              "duration": 10510,
              "state": "passed",
              "speed": "slow",
              "pass": true,
              "fail": false,
              "pending": false,
              "context": null,
              "code": "userPage.addBagToCart();\nuserPage.navigateToCart();\ncartPage.clickCheckout();\ncheckoutPage.setFirstname(\"test\");\ncheckoutPage.setLastname(\"Case\");\ncheckoutPage.setZipCode(\"789456\");\ncheckoutPage.clickContinue();\ncheckoutPage2.finalizePurchase();\ncheckoutComplete.thanksText().contains(\"THANK YOU\");",
              "err": {},
              "uuid": "8f4c9e8f-218d-40d9-afa2-c54dd4b23417",
              "parentUUID": "e4c1f990-93d7-4b63-886a-a2f5d32a1e9b",
              "isHook": false,
              "skipped": false
            },
            {
              "title": "Logout Flow",
              "fullTitle": "Performance Glitch User actions Logout Flow",
              "timedOut": null,
              "duration": 8208,
              "state": "passed",
              "speed": "medium",
              "pass": true,
              "fail": false,
              "pending": false,
              "context": null,
              "code": "userPage.burgerMenuClick();\nuserPage.logoutClick();\nlogin.getLoginButton().should(\"be.visible\");",
              "err": {},
              "uuid": "f0b0a6ff-daa3-4716-a3cb-8d7c81ab54aa",
              "parentUUID": "e4c1f990-93d7-4b63-886a-a2f5d32a1e9b",
              "isHook": false,
              "skipped": false
            }
          ],
          "suites": [],
          "passes": [
            "c9fcf671-3235-46e0-bc56-1a0102b686c4",
            "32943782-9d49-4973-bdec-e8190196adf5",
            "95a33348-4d42-4f76-8506-9e2561ef6519",
            "8f4c9e8f-218d-40d9-afa2-c54dd4b23417",
            "f0b0a6ff-daa3-4716-a3cb-8d7c81ab54aa"
          ],
          "failures": [],
          "pending": [],
          "skipped": [],
          "duration": 42754,
          "root": false,
          "rootEmpty": false,
          "_timeout": 2000
        }
      ],
      "passes": [],
      "failures": [],
      "pending": [],
      "skipped": [],
      "duration": 0,
      "root": true,
      "rootEmpty": true,
      "_timeout": 2000
    }
  ],
  "meta": {
    "mocha": {
      "version": "7.0.1"
    },
    "mochawesome": {
      "options": {
        "quiet": false,
        "reportFilename": "mochawesome",
        "saveHtml": false,
        "saveJson": true,
        "consoleReporter": "spec",
        "useInlineDiffs": false,
        "code": true
      },
      "version": "7.1.3"
    },
    "marge": {
      "options": {
        "charts": true,
        "overwrite": false,
        "html": false,
        "json": true,
        "reportDir": "cypress/report/mochawesome-report"
      },
      "version": "6.2.0"
    }
  }
}
